0.1887363417057089,0.21583113833733952,0.15981229105027228,0.8801816645675177;-0.1921852082014084
0.09957976715930389,0.39137259843094185,0.8641678319288099,0.4796658583748612;-0.19051869213581085
0.2355913255780953,0.7613056513163743,0.613795920881343,0.4443136238664448;-0.23621441423892975
0.7505610903214168,0.6041230963834783,0.6598775351629504,0.520841191734985;-0.182800754904747
0.8486448279573562,0.9999379310338723,0.37692431903309187,0.6495981888760858;-0.32491374015808105
0.3094160341097094,0.9951728187875649,0.5141378765883624,0.9809797880157289;-0.31210461258888245
0.3203550802749982,0.5017896093949972,0.8319077568377522,0.9279616758434188;-0.16556885838508606
0.6612343141782728,0.9999928155976494,0.7478190878912412,0.012976606769433654;-0.1899968534708023
0.4172239113249917,0.8518863973361922,0.9988282859700723,0.8679199496140368;-0.15764673054218292
0.5198473013081293,0.05141296336761911,0.46777109406237216,0.1768926421711675;-0.15670564770698547
0.6759999795669525,0.9313595961818679,0.9992460895414009,0.9933960998871365;-0.17307163774967194
0.1333209590138406,0.8131709954819024,0.9607335653948427,0.9104430090027253;-0.17308194935321808
0.34986272229282733,0.7587928975800129,0.8081558141691885,0.9634371031111065;-0.17236360907554626
0.1160533995721548,0.13759445664586634,0.7581691322047911,0.47060292350100985;-0.15891233086585999
0.02656133918266997,0.916462747730732,0.7771133685276128,0.21550717607777015;-0.2716743052005768
0.5569089812273306,0.8508267999819588,0.9423929629290267,0.8606456685662227;-0.27036920189857483
0.057884854583360096,0.8509216268981449,0.6303448886147044,0.9997433466491734;-0.1736505776643753
0.7514536127617849,0.14730101755796093,0.45200118443057646,0.5143995007018503;-0.17402203381061554
0.0323100715525588,0.4809641418844268,0.5665844384187135,0.7253909076751763;-0.26409387588500977
0.987539693882983,0.661223806127595,0.42100443077186905,0.5687502703121239;-0.185326486825943
1.0405855885581362e-05,0.23520733302153607,0.95921029231104,0.27137815012609023;-0.1285974681377411
0.42206281535991064,0.8444993651764982,0.7336030981394233,0.8580264749159106;-0.18850673735141754
0.12901705851166592,0.9263865235444642,0.8946648645317239,0.4191180229687047;-0.14071062207221985
0.4008929092091791,0.40126272596549417,0.6422605846093823,0.42136825244501896;-0.18654747307300568
0.41137471939726367,0.03334758705436305,3.099676347228028e-05,0.7403621036255019;-0.19070547819137573
0.04826740055592893,0.3651725313094424,0.7118666523629127,0.3191528651705823;-0.1481684148311615
0.032124690703555905,0.0060816039478956314,0.6920337602205219,0.22828740379351198;-0.13249099254608154
0.06761024298591645,0.23897944240412033,0.6548690627704021,0.6845918116899492;-0.12644179165363312
0.2945919756685975,0.0027665365173566523,0.9978427605232324,0.9860907530892087;-0.1923275887966156
0.7898214070551637,0.7921589926421009,0.7641384355810663,0.37777923398998603;-0.12640009820461273
0.05839426030121296,0.9834998869692785,0.23758783190584243,0.24984116177699411;-0.3164403736591339
0.5544362442246527,0.6879314940853052,0.9842432840545619,0.3755189660098762;-0.18911293148994446
0.26816718269022133,0.27992936591229856,0.8286001517441799,0.7766127409378993;-0.10504689812660217
0.2776046882698543,0.9853141556581819,0.9577141710683698,0.5195554884697278;-0.13368570804595947
0.033284574130425425,0.5088956052166729,0.30422154244887367,0.8610798652007723;-0.20876996219158173
0.8373142803987965,0.9981450674963364,0.8292539005737909,0.7672367778617255;-0.20702365040779114
0.06030325948123494,0.061560142202633145,0.6046704100685617,0.5743719756993779;-0.16873778402805328
0.9991240967229749,0.3351468244424448,0.20942412439990987,0.019170288079295567;-0.17129690945148468
0.7914151890866042,0.9615104346327819,0.8163802189042717,0.6839539196017517;-0.2321108728647232
0.658912248241633,0.7939745752694427,0.19613384151420565,0.3147723610958578;-0.21205992996692657
0.9064597545526527,0.7777838682886081,0.9932304263755711,0.9978680384405008;-0.17024680972099304
0.09847617963748972,0.6308197001970909,0.9938142493689062,0.2780983741197033;-0.14537808299064636
0.0033565725944947784,0.49115603969204946,0.9862266129597108,0.46761520305471516;-0.16617600619792938
0.8236400854327217,0.6062312273796981,0.6989821072648856,0.30988800060640564;-0.19106028974056244
0.35482877626520665,0.2563694323941708,0.5309993143106264,0.5542392911398693;-0.08437282592058182
0.13972972768084035,0.5248107787746302,0.8755205707321647,0.6345413201246664;-0.17118360102176666
0.5431894491712443,0.786344453521999,0.7649111268868372,0.37960068100530453;-0.20813734829425812
0.3346524593622645,0.45044701503962215,0.9236828116196493,0.1430604860051714;-0.1564263254404068
0.12071918771952868,0.6399435530752817,0.9161495457005805,0.7343483604837187;-0.2049649953842163
0.2362583345135877,0.07500845686812163,0.9976162755866687,0.3792109312022881;-0.14377601444721222
0.32857733906815373,0.41085579280224604,0.4675298720430312,0.45667191587659195;-0.19002512097358704
0.9570244211808088,0.010682609176078864,0.809785387460753,0.3831133776889105;-0.1702704131603241
0.0402758740062154,0.5711518885506376,0.2442931075043947,0.08332238913000012;-0.182891383767128
0.39518661868191174,0.17658301703331367,0.38898412207317745,0.10982565160986157;-0.1861722767353058
0.8186798833474817,0.7158370065158703,0.9868141651876468,0.11710763541075142;-0.15453870594501495
0.9921988020503162,0.6012210639894773,0.9727342904408551,0.5754586455484627;-0.153721421957016
0.7077787198227101,0.23709503759930767,0.748099855115998,0.3161108469991837;-0.1585078239440918
0.4877361426115009,0.5806975072127012,0.9449340408703997,0.3885952032308305;-0.17446154356002808
0.6517988261971371,0.7110328547507514,0.9559129011759652,0.9862459927403442;-0.13422249257564545
0.27572641627618166,0.4301580675699581,0.7070233661783563,0.2904088358960689;-0.13761821389198303
0.09434182460585393,0.7163051962775835,0.5313020908892752,0.3149574005416379;-0.1606934517621994
0.6122632117791772,0.4325161959986284,0.5377745981740685,0.24947004469146583;-0.1260947585105896
0.1543978662049732,0.36193372380507016,0.6237571276891204,0.3496669503120361;-0.21035820245742798
0.23779291883348014,0.5079607354311007,0.9999941563330436,0.22990446286320998;-0.1916140764951706
0.045457153293867805,0.34603450403961833,0.9659775015234139,0.587336320460508;-0.15653546154499054
0.033334811012279246,0.564123275178802,0.9892070753982962,0.6202866855967912;-0.156821608543396
0.9752225648348818,0.8418338687870519,0.9869202183904375,0.3870187805002133;-0.18815161287784576
0.8735328147339081,0.7809241875067836,0.7686296687258833,0.7279905596205634;-0.18711601197719574
0.1427001707075773,0.6554494552757234,0.6337657669458323,0.25516869621087046;-0.16834066808223724
0.001031835725983031,0.11067538131708066,0.9874432095576423,0.6514507097904578;-0.1563638597726822
0.21458286006313876,0.7404432472130184,0.9984649608841262,0.7098161782538137;-0.10497202724218369
0.7960593068748171,0.4862722557207338,0.6829376514554168,0.746778612116185;-0.17309030890464783
0.345651857483122,0.04049324245467407,0.9801149590714359,0.7008566583562585;-0.13201892375946045
0.1596072403296927,0.8377733613862987,0.891953404429263,0.999925568491864;-0.1710146814584732
0.22215369414948566,0.5079622262085182,0.8634559302176352,0.3898484486434787;-0.14510607719421387
0.34624836274109866,0.6312247232283648,0.9842417610181674,0.4404090865404896;-0.18823224306106567
0.06785682469582185,0.3267751316636775,0.9998887064345344,0.9710557456988803;-0.1537647694349289
0.09583008676004191,0.26851799166995216,0.988311709194585,0.3108534972215261;-0.1456141620874405
0.11338372957685344,0.49900564720682916,0.9421359080766633,0.6635113276298219;-0.1450607031583786
0.40002379233578017,0.9830041362735208,0.9291857217366991,0.8821204725663612;-0.18635088205337524
0.34783949892050603,0.1452989765405146,0.9966465237825135,0.8177408642015194;-0.23501580953598022
0.017280942225968265,0.3072945670571388,0.9999881747086858,0.43190144781675166;-0.1350647658109665
0.5766182475519136,0.1267509799991262,0.7783723864516681,0.5529815464972208;-0.15674050152301788
0.11494157691022133,0.12551568995609302,0.9852321487410588,0.9544362929124529;-0.17154410481452942
0.3398104936050594,0.16779340398034537,0.9974851676843574,0.3650516324585994;-0.1172906905412674
0.06156815638865187,0.38861968695507065,0.993224235079215,0.7321764142991334;-0.13407455384731293
0.054518025971404704,0.2840103201430508,0.9986698410985511,0.6436158273046699;-0.1565369814634323
0.31540133071727,0.7898151838437181,0.7146415590893098,0.9272552222154511;-0.23519089818000793
0.4229860829197172,0.2226758167385906,0.968045627825122,0.4984411779413622;-0.13187697529792786
0.4984880562352365,0.49941977739992954,0.9822455493098523,0.8228549746917624;-0.14377570152282715
0.0014389120013972364,0.05750636426795433,0.9478255831934004,0.5538205359763158;-0.13620269298553467
0.4814663431690246,0.2987860279494304,0.9169602426163753,0.4042067015919951;-0.15876829624176025
0.03609671310417162,0.49187005104715137,0.9966196067986046,0.45369628649503;-0.1356191337108612
0.7734022818247328,0.14145127813562924,0.7537244597579638,0.6908868513407427;-0.14686532318592072
0.6976590475500795,0.10772431832642809,0.8489593157737756,0.353933175715759;-0.13178890943527222
0.0015397718909405972,0.04747078964758742,0.9300142810475387,0.5416604652738015;-0.1328672468662262
0.46454570876351564,0.005661634802478089,0.9969590157634755,0.4171011497641851;-0.13390660285949707
0.2926212215169926,0.2875786711744973,0.9534837518294134,0.3302931343335874;-0.13412804901599884
0.29589970522842357,0.06109092843061792,0.9812704742851969,0.39648451753350644;-0.17196005582809448
0.7661506560972053,0.003932153975290814,0.6405272285544071,0.6351701085236814;-0.13633665442466736
0.9222463194036199,0.1594456989539227,0.6607776538974961,0.4046198532387756;-0.17303070425987244
0.04768441594163134,0.33840809714081094,0.9868380669350861,0.48689555183269073;-0.1283247470855713
0.9452334129511922,0.1780559588498251,0.9990449550937684,0.2157972622117047;-0.1460777223110199
0.25425720227557214,0.3259871881340136,0.89259207338745,0.309619689394672;-0.13498690724372864
0.0985987887486052,0.2168360449479167,0.9934757919276864,0.4701458694398255;-0.14829973876476288
0.14715875770564124,0.4589666400860021,0.8735903132320446,0.3246085308587624;-0.11959914118051529
0.16747138861847943,0.16449345360191953,0.9617761955946296,0.3596059286959562;-0.15778659284114838
0.012489898938567959,0.07929253688423288,0.9483419734117084,0.44731566253147015;-0.127609983086586
0.00012675148661982777,0.2101752107373361,0.7363457142672698,0.4319302911424584;-0.14242376387119293
0.22322328282408954,0.38524465600184055,0.9974822926507664,0.4652166993653857;-0.14508530497550964
0.162089483643018,0.4166212317536172,0.954307421070343,0.4193139608622457;-0.15985484421253204
3.318227553126672e-05,0.26378549824420466,0.8813624938090339,0.5138458359028528;-0.10915198177099228
0.1612528698252959,0.515644915051974,0.7993195353877125,0.5496486740192761;-0.15935632586479187
0.3311805557455925,0.27405352356495966,0.9773975491130031,0.35501513638235116;-0.15899862349033356
0.3037656716849658,0.24016184702442456,0.685013731135651,0.34940082257326155;-0.1454334706068039
0.005026656010398763,0.1343062331095192,0.8587932431211331,0.5031698262623567;-0.11413630843162537
0.5047509626205673,0.020776833509965585,0.9998362158750911,0.2903614836472853;-0.16968730092048645
0.11638384053614756,0.3542141797489173,0.9178601293231468,0.4774474780640374;-0.1198805570602417
0.0035308240960332765,0.23146159142654166,0.9993485011439445,0.3299357594926732;-0.11701641231775284
0.0018396953933547365,0.48608000031028464,0.9968791563611047,0.7267261658593125;-0.13371169567108154
0.08697875502117794,0.009449218873864376,0.965732196332525,0.2642640529965269;-0.1462010145187378
0.21906849048148913,0.14127084719966038,0.9840764086117504,0.4126929560660929;-0.1170111820101738
0.033388536336824835,0.29760048336657074,0.8255692507287664,0.3798942228408412;-0.15691626071929932
0.2143078683718753,0.2524441555762159,0.9842775606413249,0.43022273625817287;-0.13558828830718994
0.09862082186243987,0.13461649926824187,0.8844658826020404,0.35923270743255864;-0.15793295204639435
0.377544726914357,0.018834892824537597,0.9486442119135136,0.48820885046750795;-0.14683738350868225
0.0025554160533124044,0.3178123698756584,0.9753025000057204,0.483908571088264;-0.11816650629043579
0.3443743310653134,0.1215222226871686,0.9920389404634007,0.6248463566098532;-0.175410196185112
0.0004794182734214228,0.3419385315303284,0.9960255952941326,0.2913029512239197;-0.1285635083913803
0.04125907935930444,0.3966137079395208,0.9476417484313732,0.4992068402033205;-0.1553691327571869
0.022038962408858134,0.25832101165831967,0.965922686030121,0.4743761180259951;-0.13569150865077972
0.008452319873810517,0.1852356606071328,0.9216045901156549,0.6355814084524465;-0.14178185164928436
0.018127676327293566,0.3062472961103586,0.9872830122400079,0.5167394400419425;-0.09439677000045776
0.007669677551986715,0.26182648035396316,0.9768938027642085,0.665047360638582;-0.12537281215190887
0.3431843742353403,0.19421640183662411,0.9994295840849179,0.43155604691586136;-0.17412887513637543
0.01959002058150006,0.20381278513995005,0.9960419553477902,0.3293987687063026;-0.08952676504850388
0.013889346931185844,0.3521911798966929,0.9803629806557889,0.31950797826123967;-0.12617850303649902
0.013824226883527272,0.3024041309316625,0.9861190381411705,0.3697348084947324;-0.12790806591510773
0.018799639471602323,0.27715153142186527,0.9539778493956083,0.4754865033392657;-0.1439877301454544
0.036350254489029295,0.3304735930151085,0.9942626559067383,0.3608549339605397;-0.12000429630279541
0.1057189954010481,0.11488094075379307,0.9985855830974858,0.4322512328612965;-0.14568930864334106
0.024181271639028133,0.1824770612801997,0.99788443177837,0.3735484271812094;-0.15404382348060608
0.2083808214397389,0.33765111698168687,0.9999964149334424,0.2197944283563883;-0.1484569013118744
0.010477338839564657,0.21322710621440272,0.9996356545940202,0.3777889114911882;-0.1271318644285202
0.027636367017784488,0.4168869462401531,0.956043397352049,0.35890433200847605;-0.21033944189548492
0.1589467708438489,0.2130876307144724,0.9170461723315269,0.5588232453197661;-0.127794086933136
0.002567292175311418,0.3420067803393749,0.9980303629486009,0.3777302139222528;-0.11871127039194107
0.14183109812421443,0.02035576562201171,0.9977161855073632,0.3342030507335859;-0.1463262438774109
0.12979366393734185,0.24848468268078971,0.9980274222664619,0.25546330142320983;-0.13550089299678802
0.06508360845514824,0.31780302037562486,0.9691279179912279,0.30427283559152707;-0.16794857382774353
0.052661936944171706,0.24772789359714684,0.9991222080088502,0.30144992294901873;-0.13517636060714722
0.018288686025102814,0.3302002350415951,0.9996722602188515,0.3789841110295441;-0.09086067229509354
0.0015660228891543786,0.35771539670002855,0.9929585999829088,0.4135339971977773;-0.12939389050006866
0.024824851034292425,0.29159899478460427,0.994010291224834,0.5620062492878575;-0.14614127576351166
0.3180590001902274,0.17709554492940363,0.9998963459870189,0.4342315289456208;-0.1594005525112152
0.08420852283542579,0.36724192532161193,0.9449829594043752,0.2929961638662938;-0.11760760843753815
0.009576361700282044,0.44531325577899283,0.9963763568977932,0.43365723883076546;-0.14799624681472778
0.07249519166960594,0.25640479366387586,0.9767985098171313,0.3118759255601401;-0.15848033130168915
0.013282182792468076,0.36708377501963024,0.997715576682101,0.31367008503781457;-0.14869028329849243
0.06107705143029686,0.3683161580801308,0.9892681223274148,0.35461427725579375;-0.13507278263568878
0.05318372028856766,0.2255756118435185,0.9970875875863703,0.36693503804918703;-0.07616772502660751
0.0033982029711170036,0.318682779808794,0.9534567545332372,0.4456354828620003;-0.1593230962753296
0.012881689779914883,0.4362679531636743,0.9797349071521646,0.3245377661157308;-0.1259954422712326
0.0410311133050606,0.3996884705862594,0.9479639833665017,0.3108287634065722;-0.159666508436203
0.10134142321901467,0.37990728642593885,0.9909553998448236,0.2623550768066615;-0.13388440012931824
0.03368040967878993,0.39786050728365674,0.9882837537379403,0.288615042275849;-0.12712082266807556
0.18128505277646662,0.35641647050299713,0.9805002074069077,0.2496509949028235;-0.14382611215114594
0.00019499808467635845,0.29435040843741006,0.9759622937971079,0.47212276421926647;-0.154464989900589
0.0007973211707655228,0.29141726445364513,0.934694329842594,0.3344906644851108;-0.11911164224147797
0.1453044212404221,0.3659979979902508,0.9984368094473002,0.30045333697570176;-0.14639230072498322
0.005491163934112319,0.3322605790801781,0.9802580883489306,0.28102640790892297;-0.1477901041507721
0.10714483234376049,0.33124655743017284,0.9068880742673004,0.39669568719485204;-0.13584084808826447
0.07516453039711671,0.32375306112659985,0.9907636618847318,0.32579507163166943;-0.14620435237884521
0.03368277057527806,0.3707880302998302,0.9955391071598316,0.3265998944463523;-0.15689526498317719
0.1380801638678436,0.3750067050598511,0.9965516768856808,0.32923357292140143;-0.15563087165355682
0.07330510887403904,0.2684140579139924,0.9078080401605947,0.23571694888794548;-0.11960607767105103
0.27998773075679845,0.10114750206889472,0.9998148619465154,0.3743983492109578;-0.1607256382703781
0.15998660063262987,0.21544867531336515,0.979035459504059,0.33922683989728053;-0.1285686492919922
0.014202371209489778,0.39626112167527583,0.8960276260502564,0.2788743892337687;-0.1350216120481491
4.036314369403212e-05,0.32810469463608083,0.9913713128786111,0.444442823854715;-0.15879850089550018
0.12063440599480815,0.31338395251185786,0.8847462503750964,0.2714309545118948;-0.12483632564544678
0.004037094619409654,0.3607174860376956,0.9444395924737943,0.3910766244533189;-0.205239936709404
0.02015694287989027,0.17680961189496575,0.9692503365070136,0.39373889213747126;-0.15457135438919067
0.0859229986168577,0.344109896947342,0.7695686745107372,0.22903974834777763;-0.11626891791820526
0.0515369689848765,0.38119375172339615,0.8003637650625788,0.17927522315755706;-0.15466906130313873
0.19751076938537387,0.2875761473648291,0.8048694575726926,0.3266141127514056;-0.15553253889083862
0.16243057634659214,0.2925668712068991,0.8660086982728,0.32910174814156445;-0.11627957224845886
0.14834564438904402,0.29038320478907853,0.8307950939621451,0.11244506142174704;-0.17549608647823334
0.16902245595456605,0.42421366496940066,0.9937985951716874,0.33674961384632185;-0.1178463026881218
0.0011208359063988283,0.3061493977480888,0.9999590731703731,0.37203659186309024;-0.10607673972845078
0.03923044015196961,0.3436740240019628,0.7880276144158471,0.23076755319287223;-0.10525970160961151
0.1381526288132621,0.2232722487603481,0.9324720260446142,0.24786435039472876;-0.1452544629573822
0.08514967281390104,0.3935375341518533,0.9505986987922648,0.280198564115682;-0.11179708689451218
0.05345211664590441,0.4245717651490128,0.8301331373012464,0.2701209757984028;-0.13360151648521423
0.06061827176026327,0.34497249628964927,0.777330119072703,0.32899718813094425;-0.14540772140026093
0.005823893744959886,0.36592688442029625,0.797587785681964,0.3307329211003637;-0.15968400239944458
0.057766266336099076,0.28750384158800674,0.9916872874148551,0.2956842744274467;-0.1490754336118698
0.015110807675343573,0.3512024024013551,0.8565721913935483,0.33828361339605195;-0.14572472870349884
0.0002806487157079827,0.24368229052970614,0.924413878246885,0.323849563265045;-0.12444694340229034
0.19050649618195437,0.2587650099266623,0.8806244560421735,0.32346399361141465;-0.14339059591293335
0.01747005488047252,0.3368759869979994,0.8137589938781739,0.16535599345157437;-0.1568983644247055
0.06142035693777308,0.29884603345948463,0.9211981289971916,0.34253723589338125;-0.15464052557945251
0.024114226829220247,0.3215833305042448,0.9973084777081005,0.33695193954673164;-0.1456945240497589
0.02344197702981834,0.3516042149650122,0.9918272374244945,0.2754539443579048;-0.08552084863185883
0.091968089166455,0.3301894112636043,0.9909692454003199,0.3269390021655273;-0.1276721954345703
0.019515613226281293,0.4508249870381893,0.886933026278478,0.3021489818843853;-0.21053217351436615
0.24211480878231206,0.4431796747879331,0.9990277810304842,0.2857802947764988;-0.14470264315605164
0.02307368166105801,0.22521294297703404,0.9380526200712059,0.24046130030941593;-0.14368362724781036
0.14226742301937612,0.301080580867614,0.9983739813974363,0.2878707367084058;-0.14326508343219757
0.017801028968247073,0.39773453809082543,0.8473434703544753,0.18016959813290578;-0.14625392854213715
0.008014106757011084,0.3269114989352106,0.9780753858921024,0.3162127998027914;-0.1476101279258728
0.07371655030269664,0.1681063954980623,0.9881008532569538,0.348660030644785;-0.11799809336662292
0.10648676285544662,0.2566452542687926,0.8990488524789471,0.34464760318863885;-0.10636763274669647
0.005963527188752938,0.3655520805192339,0.9382746092198667,0.27372819640654267;-0.14486856758594513
0.031939723614933475,0.37077969972710645,0.9987235682062079,0.29687985909509906;-0.15953972935676575
0.10990817452587016,0.43443460403697204,0.9985688306634802,0.3650126752279591;-0.1433604657649994
0.24259919647477263,0.2502482025900372,0.715253197836293,0.37759675157153627;-0.15849633514881134
0.09242282525768848,0.30145038267436947,0.9914963005426124,0.3365846602192707;-0.14546938240528107
0.37535828070261695,0.2855783571729167,0.582498593007821,0.4087706074331042;-0.17169515788555145
0.33146953410670155,0.2949334975075862,0.8250843224546913,0.4177491591307988;-0.13516788184642792
0.11152999461440863,0.15725249512347267,0.9982585162208202,0.371976276615544;-0.1462395191192627
0.005509270793972629,0.3709199402948503,0.8240029991279305,0.3302831477806131;-0.15927313268184662
0.36579045208890887,0.2580271177107071,0.7906542538737544,0.32997112508082804;-0.1583799570798874
0.05788271734483098,0.14232555697200952,0.9771953637424958,0.3684768223425242;-0.14597298204898834
0.17701031873786477,0.20556308706322224,0.836164271230158,0.46581408531969015;-0.15781645476818085
0.0942222375034861,0.21129516580546953,0.9879001420875139,0.2519439833872942;-0.12743663787841797
0.6577724462473661,0.3430567640778598,0.8014864468056493,0.48081039173509166;-0.10677561908960342
0.07846371404909222,0.33039799083669186,0.995489549199,0.3608659473516841;-0.1376221776008606
0.5741117461882745,0.3604324028716315,0.8872376269051498,0.31126260494762514;-0.1346241980791092
0.17714683146977694,0.3486729946278816,0.9989954641399422,0.29876455121641066;-0.15752370655536652
0.10421400172347897,0.09724969582984275,0.7688099172022227,0.4217743726727933;-0.11839473992586136
0.5098663239697329,0.3359180930335049,0.7257109177979795,0.47548810188645274;-0.15726135671138763
0.32038014838090967,0.3345765079164607,0.9604556706417048,0.3691936045798766;-0.13641460239887238
0.27932438841984897,0.2131805163660326,0.9713295031448114,0.29581032910594784;-0.11896088719367981
0.2549603776569225,0.1489607104555059,0.6486928228594029,0.4594352770695591;-0.11843492835760117
0.49693355098617153,0.2763619836842234,0.6350799877964934,0.4974844740996953;-0.13509999215602875
0.3348070609458844,0.3287777058630549,0.9101006537400574,0.3795070190876756;-0.12492022663354874
0.8765867147913767,0.3420132918205781,0.743924714367521,0.4791923663191393;-0.1584685891866684
0.5300368193834935,0.22821634151886544,0.8293947735631846,0.47462495736301613;-0.1537235975265503
0.5348135505553595,0.27949413020718783,0.8791663410886552,0.42752115303738825;-0.1255747526884079
0.0026837090076122275,0.3272122846660543,0.955060826478921,0.3636697400988468;-0.1458597183227539
0.04864211520480682,0.0620467716928135,0.9999768963460074,0.30121852462870435;-0.11738114058971405
0.1793264984433804,0.36332702441163695,0.996840374933824,0.2577459464095865;-0.12448594719171524
0.8025863487493827,0.19631256220588417,0.5793037468511049,0.47429761009922355;-0.18753735721111298
0.2096138808230883,0.3218759910848952,0.9869537565639966,0.3400737525775769;-0.15499740839004517
0.2509605596584755,0.026656411079104703,0.560495428783583,0.4797276238763759;-0.1575087159872055
0.20858826040426492,0.09798569746462875,0.7646710685440032,0.4279803619980663;-0.13520285487174988
0.494226889883399,0.42408950406476215,0.8970746538457559,0.23304701208139111;-0.13551212847232819
0.34871330840289305,0.27617970435402145,0.9790516657840203,0.4151638526603604;-0.13370157778263092
0.40334579880066224,0.0830244106313487,0.6933151120858163,0.39913118308265416;-0.15889078378677368
0.2411308700131161,0.3148276046451963,0.991379623999956,0.27241271798561184;-0.1337612122297287
0.001195973302403365,0.1686200272698392,0.9940793584314507,0.2387067559439321;-0.1257261037826538
0.018505370951665556,0.08372392027079484,0.9939196017904679,0.17875110071326328;-0.13630862534046173
0.0014601647468455538,0.13134268066147972,0.9949214995335787,0.1829124071010796;-0.11862051486968994
0.38801087193488015,0.15364925299985444,0.7597604781257576,0.4827783124052272;-0.12696225941181183
0.35608412410686163,0.33497267338365755,0.9428325122162204,0.2658539164295478;-0.1550922691822052
0.09529740215986246,0.12751893622790814,0.8971903611764178,0.38067213682957834;-0.1449974775314331
0.2041644056127294,0.20476314227575135,0.9991750642548828,0.30363231420564196;-0.14270882308483124
0.2159004561345018,0.02106131273738356,0.8409480248883621,0.15943598666266479;-0.10544593632221222
0.21810495624018583,0.25030688595619827,0.9991327188001453,0.16004915030551292;-0.13457760214805603
0.00434125397963383,0.005948023475891514,0.9992281272428273,0.28193420814896497;-0.08574390411376953
0.05847548108112316,0.32276401611652245,0.8719827754287821,0.09591848515734125;-0.17172691226005554
0.3572211740154232,0.1609822546338227,0.9244891777818617,0.20775297700224804;-0.1246357187628746
0.6148191393773479,0.042047316265607794,0.6094277002093318,0.15512141459889872;-0.14573229849338531
0.0319998552853708,0.05122008847303028,0.5974045492769697,0.39853470688289516;-0.1371704339981079
0.0013094327105573533,0.03366417532639334,0.9761504861272426,0.1998841059118811;-0.13249178230762482
0.5260762051093015,0.0013876430208509347,0.9649341655471061,0.12568263369039523;-0.1441611498594284
0.041003589201899227,0.15450159243066264,0.9941387414678328,0.07828016577470953;-0.11688511818647385
0.008500729132874441,0.12379213147032599,0.9987585073510575,0.15441235177344625;-0.1361606866121292
0.19831225037253197,0.11759119765619586,0.9782811396665753,0.35905803560235905;-0.10633143037557602
0.02966113494350156,0.23751570026574403,0.9895258432852033,0.03281763689792059;-0.13568948209285736
0.19691586737833378,0.30923729466792793,0.9971803488608413,0.15325505293403074;-0.12496629357337952
0.24134744983604808,0.07998088483299025,0.9889219423573719,0.25376601552796785;-0.11391966044902802
0.03478439724214794,0.07576950059846133,0.9974448533373086,0.20765230610062024;-0.16921181976795197
0.5518962818064164,0.15598225783178804,0.7340784297973311,0.17116396591057603;-0.17099307477474213
0.251744653301643,0.16907236399134498,0.9944877207897855,0.1857388486319992;-0.12252915650606155
3.0587672700888846e-05,0.26218901651423343,0.976813678339669,0.22411518170392253;-0.14589852094650269
0.21159896539857054,0.0036016297034636244,0.6536989576935557,0.423109827378657;-0.10512306541204453
0.3128755023009563,0.1160216051756554,0.6337827998491175,0.39983022596376505;-0.15727876126766205
0.14730399717723028,0.01763087223438307,0.9967028648988006,0.14026057497606603;-0.14610053598880768
0.24221305583049527,0.24258665528445528,0.9987012646592462,0.37245023651535913;-0.11577823758125305
0.036833323405581105,0.007409777935733013,0.9880900313489083,0.1155289706730841;-0.1453995555639267
0.04906861341577397,0.15307687884820398,0.9529409168712928,0.20376042800843075;-0.15656030178070068
0.23709354315470055,0.11136913368396467,0.9816379676729483,0.35161612693550437;-0.13624149560928345
0.06384640363651528,0.10692429667798903,0.999958718647724,0.12315720483215353;-0.13399621844291687
0.015248138282845174,0.04142937216965639,0.9980040073721738,0.1886956460617345;-0.14299102127552032
0.0034427076852351483,0.10258678194039758,0.9903068152007201,0.26343433203211253;-0.10940238833427429
0.01705495709125558,0.1592591659433231,0.9976642924779492,0.2252065187108131;-0.1592683643102646
0.10185023155142664,0.15788074403214356,0.9802984673048437,0.24736110536107436;-0.11085069924592972
0.10060523002748789,0.084162316869693,0.871035082332256,0.11327725340146577;-0.13425911962985992
0.0011585987591970711,0.08865550984289465,0.9068480041970609,0.1398479909066369;-0.1286650449037552
0.11801549344272455,0.14973460126110344,0.781420134931105,0.3574009955533032;-0.11113204061985016
0.370884123101543,0.11552197437437749,0.9928640202719817,0.11662440531019203;-0.13565880060195923
0.11281340618381434,0.11460912049230168,0.9487778308551428,0.2722477709950736;-0.14463675022125244
0.057110059811294134,0.19924687768442248,0.7998332783611033,0.19683447985778513;-0.110858254134655
0.00140516978314924,0.37535746455888386,0.7059854644207064,0.21876781135923362;-0.18845704197883606
0.0003884512632013778,0.14165540633387316,0.9842166809190858,0.3431070328515041;-0.14658206701278687
0.00029461496769832903,0.1255909401600571,0.9998070166393785,0.38493081595209067;-0.15770167112350464
0.10029572807147924,0.16868330585611538,0.9949008089720979,0.2636922114454118;-0.11557924002408981
0.01399325759919093,0.14782337210101065,0.9182965054417758,0.17778330875567383;-0.11126615107059479
0.015001326292271485,0.3078338194510464,0.9306604868675122,0.22197720535849375;-0.08644190430641174
0.09025665626716337,0.16488309220895153,0.7600239017856313,0.22991673790388456;-0.1712169051170349
0.1683024377868113,0.40700430010537125,0.8777032261328632,0.32936576144692753;-0.18780936300754547
0.003837785979683026,0.12563101305142688,0.9800794198252397,0.24616308989301527;-0.12965813279151917
0.011363936418107274,0.13135307977336555,0.9386694263184041,0.06549017964947765;-0.08485280722379684
0.24362156876587598,0.14570213912430713,0.8550499162941619,0.1727548883719191;-0.14226076006889343
0.05727880829166323,0.35730882127411945,0.527293851622298,0.167859390401366;-0.1709272861480713
0.14748136691555674,0.19250818043002238,0.6883123599139482,0.24481154278776673;-0.20928286015987396
0.14793835759728538,0.18916669501033978,0.9954936451721464,0.24218517664284034;-0.17284710705280304
0.00540401306519345,0.2666737228700171,0.8478280467332301,0.13166258260274877;-0.13484789431095123
0.19198354359448788,0.1777308283332806,0.6616628100388706,0.11501238205802011;-0.13628210127353668
0.038235123211353854,0.35863398728428886,0.9075453494638954,0.3244023505885206;-0.14588554203510284
0.0004636494011289625,0.4465984720259088,0.6001443230337664,0.1433822102378658;-0.1704586297273636
0.03480443534210299,0.2353316715941704,0.9721676632724321,0.19551138320797723;-0.13388720154762268
0.08860385048859232,0.18079720675215225,0.9442497401808068,0.001066232467966458;-0.09263971447944641
0.011386549568525193,0.21588100548476008,0.893755786443486,0.22605323887340611;-0.18412327766418457
0.2145091875632258,0.22294203348384017,0.40848403439512515,0.11492300349563678;-0.1590704768896103
0.16545221668212917,0.11870707378082379,0.8321120747101068,0.0003951969472981355;-0.12717866897583008
0.6274606121944211,0.0883433295683624,0.6179522964400476,0.054413473855241534;-0.12498997151851654
0.0444351597067307,0.268966320031809,0.9911167629501555,0.36203041372813993;-0.11877800524234772
0.2448548407799429,0.3239396511111081,0.9137239842191386,0.023500699793293205;-0.13349564373493195
0.13363976303769862,0.19576095503950772,0.9450727812992633,0.11087263021055904;-0.14429078996181488
0.21519452137244882,0.17529986739544923,0.9989205739808686,0.11760605576883709;-0.15713101625442505
0.11829131521914191,0.06376947266482064,0.9179303620276004,0.2689507647374044;-0.13363556563854218
0.17609015327052224,0.15039520326648492,0.9987968252877363,0.2889130519664146;-0.12622186541557312
0.0002962235602759857,0.2822397978161498,0.5041099499966513,0.005850374651433274;-0.18469208478927612
0.14257212317093676,0.18490055120331925,0.8208977104829033,0.18652719594762612;-0.12370510399341583
0.0007066801650846135,0.3693022749067734,0.7964324416508516,0.1583142431472574;-0.17455114424228668
0.42051691934783975,0.08935459565555548,0.8879168245233177,0.019527276866046737;-0.1268576830625534
0.3955125267562579,0.23499724710520145,0.6280875908943542,0.2414206005762226;-0.14773939549922943
0.3540316562326536,0.0003224382146742461,0.9593998014709437,0.33066567952927806;-0.1464129537343979
0.250504551735517,0.006783200749210635,0.9812646227922104,0.035373142464410895;-0.15699011087417603
0.021041825634319798,0.18875949316745097,0.9954900965040151,0.21910463099042998;-0.13792011141777039
0.3355770560045198,0.15913479597701477,0.8168802006329096,0.17788386987618054;-0.13518044352531433
0.029293573649827893,0.31287161907626015,0.9761936108614764,0.33705182440769776;-0.1458033323287964
0.30749740856235264,0.3526007836007993,0.5362722866470636,0.2958027064874106;-0.08598066121339798
0.8033035173434226,0.2729275905457303,0.3095850475792517,0.005906559674854564;-0.21382147073745728
0.3445931765366997,0.5515918105332533,0.37923478522110887,0.06721317303917748;-0.3189717233181
0.33489152073326683,0.34186961876177957,0.4980204555768514,0.027490136250976037;-0.19009137153625488
0.08386855973507173,0.206172870185152,0.9982542831841039,0.46492532999029934;-0.1457027941942215
0.001342967234990905,0.07398772675936213,0.917337903964615,0.22537780595532053;-0.17136533558368683
0.08825328474782135,0.21096774807707408,0.9954125268978151,0.2574448115207578;-0.13787738978862762
0.40405209586487756,0.2417374963985549,0.6789393991020789,0.35982538411965737;-0.10501261055469513
0.023201431334858122,0.2496536057027997,0.876838832956703,0.2583161012342775;-0.1458473652601242
0.4291686957918188,0.46733332112368314,0.7081394886837324,0.13026402268207093;-0.14313428103923798
0.004875372445456259,0.2792022779645992,0.9757835495838668,0.33844637129876565;-0.15882696211338043
0.028335467905532267,0.27552692061128536,0.913436446169129,0.6747624198812381;-0.1621624082326889
0.45487993436062646,0.24788612403560856,0.7632923931855148,0.3945130170879273;-0.14749595522880554
0.13116877458337983,0.14890710738526824,0.9193661954148656,0.3449803534777002;-0.14727415144443512
0.13512124921663887,0.1872309202698045,0.9023147395593423,0.2650949537199879;-0.1454002410173416
0.5535533486818425,0.01892224380054779,0.6056688780089527,0.4721930034812887;-0.12769058346748352
0.24326887010493825,0.569789303429014,0.6873384841415184,0.6821014063608362;-0.14624619483947754
0.457352449712066,0.1181827621292399,0.9451471897732974,0.3621424962982335;-0.157888263463974
0.9998963865224794,0.23295415769808847,0.03254982283729434,0.24875024739477103;-0.23840118944644928
0.14739045680673662,0.33185114252188697,0.7144926014917711,0.3017876161595573;-0.17220212519168854
0.5290721924026187,0.1478907991750188,0.6988089260958484,0.4519975277591137;-0.12786690890789032
0.7220966809534848,0.15465840272163137,0.5245848433023457,0.3807966605139762;-0.1440153568983078
0.010696205946447677,0.07700096713888344,0.951599035776357,0.5533201489244659;-0.13289578258991241
0.4713106044824632,0.10098164309946453,0.7582196202574184,0.5473370722999624;-0.13329271972179413
0.5587831466440247,0.18087645332036864,0.4914390172532098,0.5450349321464869;-0.12504300475120544
0.6923326459256778,0.00010748643159591868,0.6348634221182374,0.48851270584731266;-0.1728026270866394
0.5839711797782832,0.18055067848058742,0.38431431847560366,0.5605096221431998;-0.18683864176273346
0.6159033176621211,0.23134801040313874,0.22891089231146872,0.47307348320969655;-0.2097209095954895
0.2843810148007686,0.007953200063883028,0.8001783518524059,0.44764042727296915;-0.17043301463127136
0.2135271437170157,0.04690456501476083,0.7444788236320274,0.6602509239388958;-0.12634368240833282
0.8769404228636393,0.1660355986420285,0.21741044182253721,0.3196351379515471;-0.15659664571285248
0.8178871707247548,0.012897594411490297,0.8020452923709236,0.5658808756404152;-0.17528894543647766
0.014527037312852736,0.3480203238634581,0.9992369265732567,0.44337612239267077;-0.1459656059741974
0.0029841247905133916,0.24214385447546616,0.8056086448403105,0.4493756863257129;-0.1469130963087082
0.02324557909650352,0.2679372914759321,0.9683357519228337,0.6478923563044447;-0.14459149539470673
0.7414808971276583,0.08540056758232104,0.281507359786204,0.3173647425023066;-0.17108801007270813
0.2126568041594311,0.3061011881032274,0.6460491819228316,0.47655156747616845;-0.1124904602766037
0.5985520063136878,0.25486413804418384,0.5269792513672763,0.3818331487286183;-0.17166152596473694
0.22307057558473742,0.1850456447972846,0.6139381000929778,0.2538592707094808;-0.13721424341201782
0.3076948048652271,0.3094000460759864,0.9237166958905337,0.669965683844352;-0.13523072004318237
0.10634897800426857,0.019032308379627196,0.5946526780262491,0.6396330715947869;-0.1887277215719223
0.44476837942909553,0.25291513774851904,0.6762940522803709,0.6567546635834636;-0.11172143369913101
0.10151491521958009,0.36825901435704994,0.7830324301650722,0.4439839641314379;-0.14891532063484192
0.02897031696821252,0.1489337130972778,0.7942565056236591,0.42233681651930566;-0.15603576600551605
0.6626040804403766,0.39391834179267327,0.3595021283840769,0.4345607921289262;-0.1713871955871582
0.018591135615741453,0.2804430765334394,0.9661279035128283,0.6145231302425092;-0.18818818032741547
0.2583320171635702,0.2075674870408385,0.7155773830125213,0.43048464329980163;-0.09894610941410065
0.16744491021934726,0.14627704713626408,0.7941165201772405,0.6076043021079982;-0.17124751210212708
0.1345278729247032,0.6235274639013173,0.7798134108813206,0.6227790675322644;-0.16811048984527588
0.3716160729700514,0.15489559554122445,0.9222730748299242,0.46242540844892877;-0.10602649301290512
0.4119869559639485,0.21126626810554466,0.5465391864842065,0.5889277422400647;-0.16864466667175293
0.28121036494837076,0.2621052107118704,0.8300302037842293,0.5086325143250894;-0.1349620372056961
0.20400968598656172,0.14859968682980645,0.6991478625462364,0.45123294287463134;-0.13558608293533325
0.5849948500676609,0.13870696341421798,0.4937115696036807,0.6469508064918037;-0.12579560279846191
0.3115836699369297,0.1762191732691028,0.849619505437492,0.5775873199580281;-0.13475176692008972
0.013496903285839405,0.3232839218393079,0.9814412138275377,0.3950256475903665;-0.14511381089687347
0.3440622943855347,0.10241127222265672,0.7092936347807351,0.44458891129841194;-0.1516737937927246
0.3429393580549982,0.1215229797704409,0.8337494315102284,0.541519380784415;-0.13471007347106934
0.23300251576028735,0.30750512844697875,0.6627108245837422,0.4261321638532133;-0.16969740390777588
0.3998427590269761,0.2729193447806817,0.6900702739103969,0.2510751198713007;-0.16988398134708405
0.3974644742402995,0.290681397211725,0.7621765492113789,0.2819098566655881;-0.09974607825279236
0.554914012617469,0.040042819988712536,0.789731494734267,0.36755799234442066;-0.15715725719928741
0.8460348293792275,0.11502651108951562,0.7974152831393914,0.8767214366479299;-0.15590764582157135
0.14390063270145903,0.2740498487233349,0.9251332080073082,0.6004894541539407;-0.14609527587890625
0.2788959330939056,0.34980774447181084,0.7962548229405089,0.5391310650175822;-0.1259528398513794
0.32356949799425627,0.33481708753293926,0.6726394497824346,0.3617618219262003;-0.14515741169452667
0.2051377408123839,0.15817402542523987,0.9707158867011072,0.4948430635282848;-0.11731904745101929
0.3776047541778341,0.281911573694323,0.6782037946462298,0.4439781852882293;-0.15826165676116943
0.10271168217562707,0.3044431474159466,0.9986697073213219,0.48709879905820186;-0.13653935492038727
0.43548346465956844,0.232218694674213,0.6327136353837183,0.6222640640150736;-0.11946914345026016
0.2674164451668652,0.2514090612106813,0.7815697370492345,0.4377286764980851;-0.14619562029838562
0.09021464414856373,0.31435269429172963,0.9439079291772848,0.5201370744333302;-0.1591467410326004
0.05292172923237612,0.4741395139495326,0.9608824430491414,0.3025827140679257;-0.11037378758192062
0.0242751611427013,0.3968522662275304,0.9373941420835901,0.22744758285442856;-0.14416176080703735
0.2611145257535898,0.3970276398878947,0.9231886023547025,0.5077951472128397;-0.14528608322143555
0.0907743524017805,0.22894731522226736,0.853813278993326,0.5192524294178871;-0.13503141701221466
0.027535077573720926,0.29178747318679943,0.9950171060292209,0.7434604806033174;-0.1561388224363327
0.08601187933365062,0.2740681217061386,0.9995228196792761,0.2700674634240342;-0.1460351198911667
0.033508840244309994,0.5494184584349122,0.9657867133386888,0.3671571549570146;-0.14500129222869873
0.15090004258433576,0.36816713602429846,0.865194183293482,0.5912620059043692;-0.13643288612365723
0.03217938941503547,0.41065360238649395,0.9997492428276368,0.29081977486120636;-0.1351713389158249
0.01710276400533716,0.19682992799540866,0.9993569563451925,0.4160797896283178;-0.09732748568058014
0.30602384651571873,0.06048792914773932,0.6959479638548033,0.6120634965018261;-0.14351950585842133
0.0002733969650808864,0.211268773743664,0.9681281781401204,0.16864219827678284;-0.17075146734714508
0.002677773247852169,0.3742192996552908,0.9858755125330376,0.37660033492249256;-0.13264136016368866
0.031982709889089,0.35004196602222265,0.9991817264809681,0.39448842341511614;-0.1390192061662674
0.010113878715927536,0.1918708035723787,0.9337403468239982,0.5070228991133716;-0.13235065340995789
0.10358058553599558,0.2972499309361136,0.8501531378265386,0.21417122321014526;-0.12742546200752258
0.02868053771826907,0.2902920542232472,0.942223642398791,0.49994300422723126;-0.14398449659347534
0.0010985498127553037,0.3265924643106779,0.9995616386370468,0.3745756204009413;-0.15710338950157166
0.12246692322081362,0.19552763911189563,0.9690503978186462,0.3665784685188408;-0.12476982921361923
0.0006240172648890156,0.1848725553929996,0.9908748289055709,0.2427301665564633;-0.13958239555358887
0.06923807768076504,0.20356185040727903,0.9888849050466566,0.3014678623423904;-0.12585541605949402
0.0877429693877762,0.36279289314250285,0.9632957116923939,0.4288752012497078;-0.1165185421705246
0.21318314630930016,0.4411846856996503,0.9992624600177737,0.24437673303533558;-0.15754884481430054
0.5276672912225853,0.19454620929473926,0.8195616911776068,0.4120212332423535;-0.1320888102054596
0.15166503684741117,0.11311311804454545,0.8223046242330234,0.41592373471291444;-0.13307777047157288
0.12546531860173765,0.3148027161442475,0.9829923203396814,0.4279404121373641;-0.13393130898475647
0.11511317272462,0.2529943809379555,0.9985961981720378,0.3329833418308753;-0.13579267263412476
0.13126726051467547,0.24877805551408474,0.8640160445187426,0.38358349102392053;-0.1434912085533142
0.21080284713094433,0.4777891613016958,0.9519121941737484,0.41932634121417756;-0.15740607678890228
0.0024767991663614537,0.3799563736402265,0.9435135843478346,0.2955326550782028;-0.14649200439453125
0.2743352029899629,0.24606945340348121,0.8079301909079931,0.46876212511809245;-0.13062216341495514
0.0827571571687386,0.3151816012619231,0.7568430551365319,0.35197370911166115;-0.12371516972780228
0.20998938656213112,0.2600764733617109,0.9131916509832957,0.25369425043005955;-0.1328018605709076
0.19640807067262916,0.3289273641041171,0.8967584302934704,0.16767612817903255;-0.14208611845970154
0.015029506928517984,0.22369325320511207,0.9860357924186142,0.4412512707349808;-0.11767203360795975
0.010988017981421197,0.21988995515974957,0.8476504356503283,0.4341407776262972;-0.16950078308582306
0.017294831533530258,0.3377938441780991,0.7968315842110216,0.3857863443845734;-0.11741717159748077
0.2240473331164381,0.21778119650295066,0.7894712299841901,0.360131498584657;-0.1331697255373001
0.013138573500864009,0.3267140378627732,0.9203497455749651,0.4983303890158688;-0.17009101808071136
0.12079054640105186,0.1989881820049852,0.8471518487690854,0.38631902034388654;-0.13506369292736053
0.1551132069916914,0.2832701397215396,0.7593847580711046,0.3444548598899614;-0.16167064011096954
0.09915829205446439,0.3106733364409723,0.7963861571183057,0.23531732637006597;-0.14559440314769745
0.07336826197004179,0.28755619629700635,0.8520089678883256,0.29697096660012556;-0.14467528462409973
0.07688213128148774,0.3329400822169955,0.9409833114880981,0.3498948585507603;-0.14619886875152588
0.0009168121402721119,0.32897428396653455,0.7403884509057057,0.4152168315872494;-0.08121059834957123
0.14331299023247918,0.3313451713621678,0.7238144808835456,0.27526518247604004;-0.19186249375343323
0.02631290628324722,0.4621602697971903,0.7090156390959863,0.3732045168818464;-0.18574832379817963
0.15842848700255074,0.2739227328982608,0.5681002034143999,0.42428004408549447;-0.18630154430866241
0.40434445879833325,0.26048822775011343,0.6065354937404064,0.37228992031612174;-0.15877686440944672
0.042004189616459665,0.31726034453499113,0.8192739738815085,0.4824280566967247;-0.17264534533023834
0.11398287260062656,0.23346759062143554,0.8078155978945349,0.3894233727044799;-0.11190295964479446
3.774022190198959e-09,0.4853185991169868,0.6947253815447912,0.13972648269444143;-0.16761425137519836
0.0553806805915216,0.20450698584158625,0.8066670019599514,0.412402607727682;-0.11695991456508636
0.0025233272475579183,0.3546864365589392,0.7026461550541641,0.2800547864014048;-0.1551707684993744
0.03730545083695487,0.387794967097996,0.7005864379349482,0.24339614082272443;-0.12609119713306427
0.22505129780015276,0.30106732803550945,0.7852638264242737,0.29268451664942263;-0.1876448690891266
0.28906615489281473,0.18300458057587013,0.5607348423300815,0.41010775182002657;-0.1358741968870163
0.02445828393569907,0.20026309057910985,0.9875328450721115,0.3861818238737643;-0.16636985540390015
0.03639248636570629,0.22344116993334726,0.7076467989313864,0.45983614897722913;-0.14116153120994568
0.0007853840326873355,0.2650602974510526,0.9123152170457377,0.36493114614645605;-0.1446639746427536
0.10676480639982755,0.22227090090704008,0.7444242647197918,0.5174296004926424;-0.15824808180332184
0.2593089262584006,0.11886989320540553,0.923385601087668,0.4272213617119308;-0.15462002158164978
0.012729851577047997,0.3364308980980546,0.8518862765684706,0.40654862924987445;-0.136352077126503
0.21806585013063573,0.20527320152707368,0.6192453476273491,0.32526785640261957;-0.1430971622467041
0.06471613770233856,0.22027455043406333,0.8861333888061363,0.3489395490142636;-0.11919359862804413
0.004655229037091567,0.15926387991329155,0.9567835754997551,0.38526120917331264;-0.15740129351615906
0.011239384084946845,0.21872325151649005,0.9333894900746578,0.46733881510292385;-0.14286023378372192
0.07899065641636763,0.26961114948138415,0.8351151436904805,0.3803942820466174;-0.09884840250015259
0.015707620480124907,0.21883397864180562,0.9458185054369537,0.42077276691273935;-0.1752835363149643
0.0044219703613569885,0.31849043153296047,0.9661778576472252,0.28947113977201766;-0.08919322490692139
0.10342196673021026,0.2596043329623102,0.7919787994347343,0.3643256107033689;-0.1267969161272049
0.013764908360882556,0.3239910372910003,0.856003658587117,0.3724510150437427;-0.1455700844526291
0.09283681832622648,0.19595230306222988,0.7608864687242649,0.2845977365107254;-0.14711198210716248
0.000374969395607704,0.26913942968377663,0.8431386992860646,0.42226335506796386;-0.14545394480228424
0.001144646463004108,0.3079840657320332,0.9855318660434104,0.37980107605325275;-0.08875046670436859
0.007819352039112644,0.31297582760652654,0.9005462283272248,0.28131144029195265;-0.12568281590938568
0.07637685244494584,0.351841727336994,0.991727195157835,0.4047064459708273;-0.12753330171108246
0.0010521005331039384,0.23587439938008853,0.9572205719249138,0.3887714814295119;-0.1359974592924118
0.18176448913676507,0.28051790026753515,0.6826033081823497,0.39298478486183586;-0.12678195536136627
0.07483895000932153,0.29965876839876276,0.9595012265731229,0.2762708212044601;-0.1172756552696228
0.006303893138801129,0.33958660159685605,0.9509524101352862,0.27837803600306554;-0.11735382676124573
5.2976279630393144e-08,0.31695062922490064,0.9512986961862201,0.3295803780866936;-0.15854719281196594
0.009462963047183795,0.36852834767516285,0.9353487581152543,0.2694037137460371;-0.11420807987451553
0.04198284932430989,0.2260291673424335,0.9807473959256414,0.2868817933398756;-0.1037316843867302
0.14030972088015922,0.4102665790238951,0.9868331656858762,0.23423697717860292;-0.1554342806339264
0.010231941985889862,0.271510151532929,0.9977460180365567,0.24067568533538963;-0.18811607360839844
0.014234764583547863,0.2776479166556485,0.9999872655580497,0.2921147711453048;-0.147011861205101
0.005812995377118293,0.32190038801205223,0.993091060971084,0.3270547318732816;-0.13499732315540314
0.05323031140550252,0.35692847598719535,0.9635857625780895,0.36653483960772826;-0.1146843358874321
0.026174722038859177,0.375755739355668,0.9979543389989566,0.35402234657676057;-0.1704518347978592
0.00018316032926602458,0.36683003649815626,0.9002303262336938,0.22290065007710547;-0.14805497229099274
0.0023278452001290174,0.3615362747930838,0.9611719266473628,0.33397189008723627;-0.12784503400325775
0.10410868131101203,0.3486344216930754,0.9887201842624025,0.2321003287872615;-0.14754393696784973
0.00991032599520071,0.28331596180668556,0.9862973585582705,0.32591805011620834;-0.08298022300004959
0.059252122595679496,0.2910643915399078,0.999010607768888,0.3340063598013735;-0.1458234041929245
0.00525904845259065,0.33475742009247106,0.9961952448894354,0.21875120005077953;-0.1735980212688446
0.006062922798796694,0.323720569003609,0.9469330885081348,0.37460465480045946;-0.16879868507385254
0.0008950725372939997,0.19783286164205802,0.978323510410831,0.3174573672751281;-0.15987710654735565
0.09105092572789568,0.3095326407206562,0.9438485181570102,0.3162716797306365;-0.13723872601985931
0.01088700258172237,0.3121820238965865,0.993919012044716,0.29038681359595564;-0.15928182005882263
0.03315034415710195,0.29677373075938696,0.9979539379548901,0.35542025613352546;-0.15825900435447693
0.013764332028184003,0.42861311136064584,0.868595071546098,0.28967929806247994;-0.11764941364526749
0.018130508444338677,0.30953345036341684,0.9699646881734675,0.32474695178508994;-0.15990282595157623
0.046326181767325995,0.32850424714345955,0.9989869476936087,0.32138536603694623;-0.12441536039113998
0.011401551991979841,0.3244561168841422,0.7617314615357991,0.42759888351033004;-0.14693257212638855
0.010178810801585956,0.3272300562897112,0.9814746186312361,0.40985415750893706;-0.125235453248024
0.02625111445085677,0.49110197474481543,0.8348921154359288,0.1726783352745641;-0.20424002408981323
0.003501105631521947,0.47040773263130753,0.9858714251965294,0.35037833878319213;-0.17192097008228302
0.0016303363637248313,0.46950065589102896,0.9790105196628366,0.3843648325708139;-0.14374670386314392
0.04568382734285599,0.3146769614235983,0.9073636192423984,0.36832671575150433;-0.17410750687122345
0.001350918920059744,0.46134120867405665,0.8522745304678062,0.2538250131626726;-0.2089012861251831
0.0002440231159380748,0.4102983719472459,0.9856141860964712,0.31323570409518176;-0.1472771167755127
0.0008322859134672956,0.2833935896350611,0.9090050172558658,0.39313183949084196;-0.12387385219335556
0.16794809164730484,0.43771065136482595,0.9943942060811998,0.3859212095414385;-0.11847783625125885
0.01228481915914651,0.25993559419777146,0.9659969764164439,0.41173289634474186;-0.12734852731227875
0.19823937523817398,0.20350145558930494,0.9002949465656496,0.5603121864034446;-0.17277891933918
0.002745750033520906,0.22911771442819662,0.9210147910107666,0.5487352471120415;-0.11045261472463608
0.005563832081023073,0.3767598642414607,0.974601588328164,0.3482054676369254;-0.11010904610157013
0.036010303595691136,0.34900121388718247,0.9206295709876301,0.5245491310020185;-0.09471385926008224
0.0026270320704526416,0.41438205294211894,0.9452543569519174,0.3027038930184637;-0.1308412402868271
0.027966298415250983,0.2716318434314578,0.9917230364561909,0.3860169103424923;-0.15783832967281342
0.04802181114182646,0.40524550230131207,0.8799093912660049,0.460988344501039;-0.11759459972381592
0.008983190820708751,0.314497365732842,0.999802137635176,0.5523750963566265;-0.1709887683391571
0.09821059272783711,0.3657195760923293,0.9974331590396064,0.5046017746236646;-0.13577114045619965
0.12043897132993145,0.392248606798704,0.8491719875480401,0.5422609314034603;-0.12683941423892975
0.03016182393790625,0.40986596798961017,0.7819779874814073,0.5141452803236917;-0.14225125312805176
0.03758403800783021,0.3424522223719493,0.9508705554823732,0.44271376511509175;-0.15540088713169098
0.09279095882248747,0.3917769921207711,0.981415037123714,0.35088166659928366;-0.13581721484661102
0.0410411979535001,0.42061840610583284,0.8375089713041137,0.4357647631331013;-0.11249666661024094
0.004687127782956694,0.3386428785716265,0.978852336940715,0.31955117523431464;-0.11878760159015656
0.0007456389202830517,0.3950253179377254,0.5553419307409072,0.6442562094157964;-0.1930716186761856
0.003639791958385097,0.38163935266185395,0.9180474958738166,0.5429184754838565;-0.1449327915906906
0.016923648857316186,0.5328328516781158,0.8378369699554615,0.3212652825176693;-0.1896795779466629
0.21345608189331777,0.45582676783195375,0.8676108671353486,0.6428285768158222;-0.12379355728626251
0.19096079553348339,0.42046501154028026,0.6926336013705301,0.40892027593903657;-0.15984143316745758
0.12398030871642671,0.4532186944019992,0.7790026635814908,0.4950219602834689;-0.16934244334697723
0.03159078618296454,0.4212853573430896,0.8931759930087363,0.4365756930754042;-0.17568331956863403
0.0019525067456110483,0.36096628807180564,0.9611415418877243,0.34122095724643875;-0.1276836097240448
0.18559568412302832,0.4703117934086751,0.9056171147010572,0.5212851470717068;-0.11743536591529846
0.025342129757544286,0.3716789262141314,0.8865303095657716,0.4672255662911202;-0.16761405766010284
0.035974810728809335,0.4231601249026247,0.6423808393574668,0.44008900085130576;-0.18855533003807068
0.00022505147050560646,0.46462715473020066,0.8703917372810744,0.3564445582809953;-0.16003645956516266
0.227936945926472,0.5773622969924245,0.9859543546207965,0.4967039102987869;-0.1350879669189453
0.00030113526160991083,0.40968307520406066,0.8800551746204812,0.3975532399451823;-0.18877793848514557
0.23371393940725674,0.3824196658817562,0.9997646013333262,0.45958490217754555;-0.15703004598617554
0.09974724632623104,0.4743814067031829,0.980095965187232,0.42438418128092137;-0.157330721616745
0.021461096126257267,0.46010289314720776,0.9259488633289967,0.43539145653536193;-0.18674980103969574
0.16056473964247722,0.5405610177788496,0.8808662475044099,0.41286830323357415;-0.1344146579504013
0.21854876968367845,0.6218960104234967,0.9981215873611466,0.44491400557345495;-0.15895764529705048
0.13069505301709805,0.3905481894845831,0.8868724748993482,0.375056092438549;-0.15895803272724152
0.13788583875083155,0.4509119163893846,0.9939020633388338,0.5034374487961404;-0.18753908574581146
0.11796289687976146,0.4512494252017863,0.8958581929027887,0.4695613304447348;-0.15674178302288055
0.09963920228050874,0.3298656660246153,0.9749910653677303,0.34379331441305394;-0.17166845500469208
0.06092719880762769,0.5999160001001042,0.8597713642633584,0.4255792931585137;-0.1305750161409378
0.21234251494157003,0.5593401309806517,0.9585044267082851,0.4211809694256886;-0.15255898237228394
0.12414579936475838,0.4917993026699662,0.9871711976652867,0.34033123257496867;-0.09876274317502975
0.007456637274557917,0.5591276082596138,0.980955168781325,0.38107413467063644;-0.14539939165115356
0.22185559176211994,0.5254102639185393,0.9297681037591432,0.46494567510286844;-0.16933183372020721
0.27768060912225223,0.4409568775041198,0.9863225017863836,0.33434448005785733;-0.12364252656698227
0.253723520801853,0.6041124823853925,0.7207114066223334,0.5503178267253872;-0.17377489805221558
0.07272696291028521,0.46019285203320165,0.9473291968115596,0.45034385888054795;-0.12556153535842896
0.2693214252001712,0.5157323657593117,0.99382974802758,0.29666154923193144;-0.1720937043428421
0.07394753145367111,0.42472435432954764,0.8596112384896436,0.2892895723532519;-0.12725849449634552
0.0045249887041358145,0.47223591121064085,0.8891492368213676,0.4844336547750414;-0.08701018989086151
0.231563841078253,0.6558650814751994,0.9114885392273049,0.39570529270264354;-0.17570924758911133
0.09502218548534085,0.5175467847332349,0.842458732696826,0.38348012291513023;-0.14576084911823273
0.4065236564331678,0.4781640182611159,0.9025873261441618,0.4594198545193986;-0.17379939556121826
0.15208173200962172,0.519128923476666,0.882214931089804,0.3944356298288011;-0.1269395351409912
0.16710504525957554,0.4407640674384316,0.9991189901518674,0.3881867229891235;-0.1377594918012619
0.19693137606587469,0.47571038978169633,0.971180368374737,0.4821094970725279;-0.1465282291173935
0.0157195617215703,0.2520116158805459,0.9771016780707849,0.5045299846903528;-0.14115235209465027
0.11730451380494841,0.5642286093292835,0.9771466470453334,0.39864447466094044;-0.145394966006279
0.09797482023378755,0.5924231223406942,0.9408837403992311,0.35973834358982615;-0.15786874294281006
0.03383408900109237,0.44432952248340046,0.784055008389885,0.4446626547001461;-0.17523299157619476
0.0014254491495311185,0.5197381742838002,0.8121481511195289,0.39785522297315834;-0.16160252690315247
0.0033020510346643307,0.4381714802740099,0.8795013849108982,0.5137161324097168;-0.13511760532855988
0.022524270216940374,0.38251501612632133,0.7189012326678796,0.5276067686933903;-0.09958163648843765
0.11130813027830139,0.37849102389903966,0.4771145232508808,0.38467128907247294;-0.18647316098213196
0.08568860589887162,0.42378562939865727,0.655907993326266,0.5419008317871241;-0.2100524753332138
0.05790358840761939,0.394770280392738,0.8195111277662743,0.51195001332238;-0.11926699429750443
0.2642577770418505,0.6173359225287349,0.9448440816177055,0.4812470140089973;-0.213435098528862
0.09372771231624608,0.5984155695372584,0.9981011030770948,0.10957752826524614;-0.14441938698291779
0.0357496196632541,0.36399789385889475,0.8397884960791556,0.4878805731589937;-0.17131589353084564
0.00022642190563665712,0.260893647212451,0.8810330900049701,0.4682743474579445;-0.12469872832298279
0.07545913045657013,0.4160827562129586,0.788142024553016,0.5204541103572022;-0.17346131801605225
0.018987433518695567,0.3724307586362139,0.9337787991853606,0.40380699009085663;-0.13645419478416443
0.046822043948798624,0.46763140343036924,0.9058950824106382,0.5014872952478444;-0.1703731268644333
0.15997047652609814,0.4726924226470976,0.9998144371676377,0.31287808627470703;-0.15969765186309814
0.08558201087890727,0.36035833564218667,0.9493898424021328,0.36486285995466095;-0.1184714138507843
0.007730760666120806,0.41783736313864783,0.9264250890464613,0.43003542201993594;-0.12655356526374817
0.006469791462905814,0.33492748097070735,0.9438228332410725,0.4730481048988182;-0.13145993649959564
0.0011919762615112744,0.39525501857976303,0.920344498677198,0.35560832321598135;-0.14430339634418488
0.08511005458035464,0.35369317510115544,0.8910652006820395,0.2079294504420942;-0.12679722905158997
0.04911802077466358,0.3029206057646405,0.9861861436102028,0.2731017797996479;-0.10002657771110535
0.18526238900543957,0.2745069463221256,0.9597476082865395,0.5077540319449807;-0.14397676289081573
0.050209991691617994,0.47114211425277613,0.9978522047262102,0.38785319598316226;-0.1269274353981018
0.1290974028521044,0.4098450341766232,0.8089366987286465,0.4229577946578703;-0.17163658142089844
0.004289930801140028,0.353262307989644,0.818884153249072,0.5095961073972965;-0.17191168665885925
0.08731583502078055,0.4517189100707393,0.9547208556147687,0.31521587343004775;-0.12558813393115997
0.16412414457975455,0.32346705376744583,0.9754662683047092,0.3387472010190745;-0.13409502804279327
0.0013441210310243278,0.3911868156982019,0.8112040798289754,0.5631550741146687;-0.13200002908706665
0.11863496025016093,0.5621473334746331,0.9576403214267977,0.40522055785875033;-0.15672770142555237
0.11065028931512069,0.35403857791434346,0.976334409003412,0.1595170335411874;-0.11631633341312408
0.011232684889815226,0.4240806754144951,0.9978512689682872,0.2734001925183832;-0.1362583041191101
0.006187101666179185,0.41756184925301404,0.9938051133975793,0.2831966987912401;-0.12355882674455643
0.22532977663894116,0.2571214642982804,0.9999816666661168,0.20764801182447068;-0.10695060342550278
0.088031896937142,0.3392709702138709,0.873946691257499,0.330091114219497;-0.1436218023300171
0.000520291852592443,0.3904107162333738,0.9946886014297761,0.1889032016320008;-0.15693816542625427
0.014644005523633572,0.4287423587470509,0.9794567788514345,0.4371976854533658;-0.1242230013012886
0.03561377561316264,0.3461249286835512,0.9950239470302915,0.23833409529548477;-0.1603785902261734
0.39065174605508746,0.27712447343903734,0.9362799002634634,0.20761833054388712;-0.12568768858909607
0.2377676273406893,0.2925697997737146,0.9907692805310655,0.18061164063283341;-0.17118611931800842
0.2014478603036674,0.28909756568198225,0.7786872258807771,0.006729194021278317;-0.13386210799217224
0.1011657128377543,0.29385200887605106,0.9902071760174748,0.20893812921578003;-0.15258441865444183
0.014696631945172305,0.503265233301877,0.9890139207042811,0.24990208764002386;-0.18469509482383728
0.20575466281725635,0.11725389285261942,0.9923788403478012,0.2819886044921619;-0.15225818753242493
0.14595491802633148,0.3225197994760674,0.9985826219541871,0.03169798878711206;-0.1401367038488388
0.34697860874399433,0.13891456648322784,0.8073702286792628,0.00733612318167791;-0.11636951565742493
0.46727762315536814,0.3247781303233028,0.9988957544650491,0.03844248883936118;-0.1378205269575119
0.1703506785631141,0.3569873283037935,0.8375863416007976,0.08677512252768393;-0.1582033485174179
0.014046390067350917,0.40648445795379573,0.9966993758846682,0.14621036502143625;-0.1352037787437439
0.40292587960636894,0.34097363777203926,0.9793136295340135,0.14069311632158332;-0.16000805795192719
0.42826800551162314,0.043943553918835664,0.9566442481204297,0.2429825817823129;-0.1255967915058136
0.44465422112735165,0.32616247839132534,0.9396678250613582,0.016273199580417674;-0.1469261348247528
0.7810222844649981,0.1908949230628273,0.983719462003101,0.013066035805836797;-0.11830160021781921
0.36813674174084565,0.29755670095294917,0.9873114073592639,0.20927520194396843;-0.1253461092710495
0.16109170300303488,0.23129028639340454,0.9984258568110717,0.27670412206984507;-0.1339416354894638
0.691692698091589,0.12438121345398835,0.8858223385080357,0.01185456884275691;-0.15662415325641632
0.32800857145677126,0.2933102561031963,0.9961396801323581,0.13005521478221038;-0.14135946333408356
0.46236656992707725,0.003582894091883204,0.6430712426396021,0.09301075944530812;-0.105361707508564
0.013620064077550417,0.3986542041651706,0.6687872969803841,0.09855341870761425;-0.15234917402267456
0.019544943567138637,0.5515166362106354,0.997376020179458,0.4217961117813923;-0.1686001718044281
0.5935435729802014,0.010251301980749378,0.7229696212096206,0.03372509584986754;-0.14563602209091187
0.3908160665725307,0.21161338734943208,0.9490432967494001,0.014022962869526702;-0.13390855491161346
0.25089511235866835,0.020367649216061115,0.6948335236189707,0.3674197510280036;-0.1467629224061966
0.351895042966771,0.1372078165706097,0.6182350348782761,0.04281292655024253;-0.12489259243011475
0.0004748520764524594,0.2892422232096682,0.5691903839587862,0.231388877764111;-0.14699552953243256
0.31286009638766077,0.12668300036227362,0.5061673961031159,0.07064035398001076;-0.19126592576503754
0.4765448133065425,0.02203447290458038,0.4992666226698983,0.0016445692585491632;-0.13705874979496002
0.8814621582072724,0.1276374538080635,0.9025887764199323,0.015680922976629628;-0.11821401119232178
0.5005518028770257,0.07833400657617887,0.8196286799902757,0.001172578399424473;-0.13295091688632965
0.199350815632667,0.09999092849369293,0.941014096319219,0.30761668479167137;-0.17465142905712128
0.7323089818837711,0.002355623641688923,0.7855586425420528,0.26317152170665004;-0.14659976959228516
0.9022921009694747,0.23379022929502713,0.8251158184167664,0.32932186039581646;-0.16057538986206055
0.9678891155195443,0.27939175295601903,0.986869410852794,0.01992071558109738;-0.12693046033382416
0.8217015732122606,0.06844215790741062,0.8213632316219392,0.06076667547852388;-0.13324780762195587
0.983092662254881,0.0696973269835772,0.9833269435202492,0.21591149715542368;-0.12891073524951935
0.929177034836191,0.040031091631618866,0.9921358483834197,0.07995215559562441;-0.1568954885005951
0.32162492532542797,0.009138581330001798,0.9528057540068232,0.05014073552128026;-0.1440357267856598
0.9999866645877229,0.12199376673222642,0.9831310249914507,0.07684329613288732;-0.13659542798995972
0.5658946822851854,0.3035226857777127,0.9926228022771356,0.48109742624885765;-0.13641993701457977
0.9201165964360873,0.1315953537476344,0.9410094757334106,0.07485465914561651;-0.12610940635204315
0.22204214757354135,0.564106693845924,0.4604088393529938,0.37460743958542386;-0.19119884073734283
0.9884883427583666,0.32347708293147404,0.9880856388559086,0.01914249187201727;-0.13539986312389374
0.520897017027196,0.46765965879595894,0.6975588862294784,0.27615999011884274;-0.16857436299324036
0.8447704320163818,0.044381322342425845,0.9972937335536171,0.04098197967459594;-0.15427304804325104
0.9565477343768095,0.019378326882411652,0.9449244551322593,0.011078976873080371;-0.160587877035141
0.4901818601624012,0.09322818568289337,0.8722144475329188,0.30687348462648567;-0.14638157188892365
0.513318308904954,0.57990428595793,0.20965397453375767,0.8219279172755485;-0.22727788984775543
0.6847821898352393,0.6009467234121257,0.3370441296302841,0.650743841149525;-0.3195410966873169
0.17824933046498004,0.8634298695459075,0.6907690744121504,0.791462726465757;-0.31809762120246887
0.9737012442856304,0.2848859920899972,0.8792189872600118,0.2249611651469139;-0.1721285581588745
0.4473894036116408,0.5887439381162192,0.986843978765709,0.42697500984308556;-0.14663928747177124
0.8934162018195073,0.19456653588639056,0.6256598581484878,0.3690628484733032;-0.11248353868722916
0.9431623809893893,0.1126029995625919,0.926504586120723,0.11145392229287332;-0.14699412882328033
0.35632823780480816,0.21918867363337677,0.6493685857458753,0.011844915376035462;-0.1348978877067566
0.608818835319914,0.1524911209532817,0.9348173875302378,0.03891990135013746;-0.12062136828899384
0.9965076241851847,0.16532593851129718,0.9931290083092859,0.2516869283908236;-0.14567618072032928
0.5380089890653779,0.00024187486770592542,0.7351795880301377,0.16849121034961412;-0.10608294606208801
0.8585130330980466,0.022391072736803613,0.8602284413702386,0.3267295562447128;-0.16118264198303223
0.7781347415326632,0.068978048199862,0.808586522467656,0.25029427252131686;-0.17018741369247437
0.704195924217792,0.002321168027162862,0.997912938645036,0.274916721268735;-0.12876339256763458
0.3655746935311245,0.025739397757265223,0.9985709306625039,0.18276157734747545;-0.18608687818050385
0.12382885614965722,0.26573494720860896,0.8341328483748127,0.10472288240174221;-0.13080814480781555
0.2705933393793067,0.21112175808201517,0.677618865551531,0.1726717474879007;-0.09711682051420212
0.43723111314974206,0.11142799285047167,0.9349219107883595,0.07457109450517593;-0.13384470343589783
0.8081881039281922,0.1431912661221381,0.9824605987966212,0.1829667953150912;-0.14730745553970337
0.14625236264622166,0.2600285983814423,0.8617244466692218,0.15817184273661378;-0.11135420948266983
0.5458542116330503,0.15696691253518735,0.5280647110005727,0.3232510494541252;-0.14781011641025543
0.5122543817411402,0.19059314313433806,0.9880998738545425,0.018780676656453506;-0.17135120928287506
0.5426017899123028,0.20073244473085539,0.7516935430744094,0.1463742659332894;-0.10675308108329773
0.05218623420792365,0.1651336123523348,0.8045749048143322,0.0542128569588157;-0.12402018904685974
0.8032314397341584,0.06168338701215373,0.8721825444542086,0.04214978449787148;-0.13679783046245575
2.7103264482537882e-05,0.03073603545857468,0.723728447146178,0.06872997074481768;-0.14442753791809082
0.5510299409170285,0.12873518588132632,0.7619171491372256,0.1116636859507798;-0.13561254739761353
0.6643459172842754,0.00016173690265486041,0.45380833821272315,0.460131695408339;-0.15874378383159637
0.8825742190732173,0.03574487035995382,0.5696971970825349,0.4214284963987289;-0.17412395775318146
0.13014309378379812,0.18754820343682815,0.9820387185225402,0.21097741662437397;-0.11359648406505585
0.35925424713034226,0.032435991029088736,0.8107665081617661,0.001963483303708704;-0.13540180027484894
0.5426397890504873,0.022359544544246376,0.9882584992313713,0.05126549104844366;-0.15840214490890503
0.10838256348283365,0.3628470250403094,0.9988674097095962,0.09725283041592647;-0.15565630793571472
0.535396651620285,0.0761635468819564,0.9976548874483679,0.23126025396676642;-0.17038340866565704
0.16249866112855077,0.4699083661778156,0.9718162556612342,0.4159601722079739;-0.1106463074684143
0.5520207880921635,0.15151990545162308,0.9506451869404855,0.05013792591377672;-0.15638497471809387
0.686555425645649,0.000730300884152187,0.8795635022160542,0.00027539894904266867;-0.14533086121082306
0.11706792398693872,0.46761168159491706,0.7800222529642333,0.11448369941269398;-0.18881183862686157
0.2446222086964418,0.0001920971735544248,0.8746976273042719,0.2551846612091503;-0.11183907091617584
0.4896970910172007,0.03047196735634702,0.7423465644377985,0.005366695667083588;-0.136642187833786
0.04035438694462823,0.11433654632608911,0.8037067172830459,0.2703993487174715;-0.11899259686470032
0.0388549732842384,0.3136393916163702,0.6382837133879522,0.295011804428183;-0.15268154442310333
0.00032783471137597846,0.35010730348517466,0.7911143312350979,0.406367370553797;-0.15755943953990936
0.3696162263290631,0.03929770635029334,0.8676967853224371,0.19990975851919013;-0.14651647210121155
0.1856486660612316,0.2517756582690986,0.907553077565272,0.5764294199745399;-0.12690280377864838
0.7992501806943515,0.027721068007684535,0.9980828821738131,0.22950312062133482;-0.15869227051734924
0.49390797545717835,0.2313795168211656,0.9255150895358732,0.10943259239683434;-0.1339622586965561
0.3620422812252035,0.1027042471344372,0.9632871461390626,0.150847779032231;-0.11054018139839172
0.14576771872996977,0.04374027937439671,0.9995815182151345,0.7488721201871307;-0.1714687943458557
0.6946823470421748,0.1498431551939462,0.9485084597438657,0.3930711150106877;-0.12376397103071213
0.4270984497987659,0.2893608205594844,0.9577661080326012,0.16636335826449822;-0.14630845189094543
0.14138841225309204,0.2067310600028379,0.982756602420287,0.22337154604860843;-0.1362423300743103
0.6079470944227403,0.14363251462025944,0.8966408613577903,0.20037638647406342;-0.15688058733940125
0.17866301680222685,0.2295260129110041,0.9691794740005184,0.627295072419648;-0.1577247977256775
8.59894954626522e-10,0.2052088156580501,0.766039195457977,0.29192664652048184;-0.17230308055877686
0.3278750133416206,0.04183816319616476,0.9199395464196454,0.48547300885373224;-0.10413561016321182
0.5146191979538496,0.6844264180292416,0.9461186292506921,0.6243551009819224;-0.1589343547821045
0.7546272207370042,0.0006338408718257202,0.9730694102108651,0.019739164573399855;-0.1719730943441391
0.512672984708364,0.06131226638404821,0.9980684000173101,0.23005037568025066;-0.14275766909122467
0.6798325380731678,0.1174440172213782,0.9941054665911996,0.17483625759250299;-0.14484885334968567
0.0001611963289352896,0.4300956355262178,0.7061037881323615,0.3790253339304769;-0.15787817537784576
0.5625990031064094,0.015009175189545055,0.9842731583917688,0.25644287976386215;-0.09417440742254257
0.5227761152945039,0.11958250957091822,0.982916312582207,0.056931434788021734;-0.15840302407741547
0.9369128244602586,0.23688500223500975,0.6553978820244011,0.011436408677267937;-0.14973874390125275
0.6662038266694166,0.004271318218100676,0.9336081151108674,0.40133556758166555;-0.13556727766990662
0.7529323959145844,0.12474400582589024,0.9984786392965922,0.39800923492566664;-0.14585165679454803
0.9224591250724906,0.2900343310431321,0.9814271494881347,0.3591424674584668;-0.15727080404758453
0.8219995421115711,0.20099874093339137,0.8993080924865511,0.2687205645064573;-0.1276543289422989
0.9822920280737132,0.34281173858822883,0.9992504352620477,0.18118061355816517;-0.12789762020111084
0.42931422455149615,0.005507248356891449,0.8619525142466666,0.4165067808977444;-0.10318327695131302
0.3752887743838151,0.00032971246489112984,0.9182594681833354,0.349204669916766;-0.1665029674768448
0.9975994710629321,0.371141818391701,0.38081949881202226,0.0018085005498461116;-0.192304328083992
0.926902371987741,0.3669248342615271,0.6436798616333472,0.21609116562564734;-0.1458999514579773
0.931603886398323,0.3343029950428187,0.7953409715250161,0.24628299791651675;-0.1335177719593048
0.7364073223378378,0.1310927219379531,0.6896576019171952,0.48389234431941186;-0.11527026444673538
0.9545009552409464,0.3074625174674604,0.9626324853763105,0.4809873456967544;-0.13497653603553772
0.7730512937773637,0.061990045837250735,0.7621829471163377,0.32883314046261847;-0.13738690316677094
0.28693201384496575,0.1912760866847131,0.9972326747411714,0.4071933694382027;-0.1557525396347046
0.4747404951538594,0.08520800959643857,0.947284580677135,0.3728327807294306;-0.1063205748796463
0.01267686079647255,0.15169675798377577,0.7921320974620314,0.11549029224007568;-0.09149818122386932
0.9773193664170661,0.4379506361999158,0.5656432014513719,0.3320223268771719;-0.15439052879810333
0.3765829268187526,0.015711574181340376,0.999772009575277,0.6842614467424579;-0.1320757418870926
0.717102532018979,0.2576402181829459,0.9997433440877049,0.5836187607038481;-0.10901541262865067
0.9945225875009035,0.3856240567692905,0.7583116747203973,0.17017192201423648;-0.10963185131549835
0.609324749267875,0.1544852375178964,0.9076787072306987,0.33822824230548354;-0.13210737705230713
0.4716365873657702,0.26753839570127536,0.6129427383446726,0.3454120118786713;-0.16024331748485565
0.9071461310736674,0.1872614453604774,0.9855750032484215,0.4015929164052353;-0.15710467100143433
0.4513754355802132,0.05351894504130572,0.7791953840900985,0.06594332117147514;-0.13416355848312378
0.6078073828489567,0.19490568991228574,0.7037425020072026,0.09446551845695694;-0.10838103294372559
0.3077417496120941,0.052543923448633595,0.9855697367479526,0.2931217528774067;-0.13643422722816467
0.19266945090936505,4.3947430074503355e-06,0.8873579951040185,0.28501358671616106;-0.15599560737609863
